{
  "RSpec": {
    "coverage": {
      "/home/stellar-tree-9939/tic-tac-toe-rb-ruby-intro-000/lib/tic_tac_toe.rb": [
        null,
        1,
        null,
        null,
        null,
        null,
        null,
        null,
        null,
        null,
        null,
        1,
        1,
        25,
        25,
        25,
        25,
        25,
        null,
        null,
        1,
        24,
        null,
        null,
        1,
        23,
        null,
        null,
        1,
        26,
        null,
        null,
        1,
        24,
        null,
        null,
        1,
        2,
        2,
        18,
        5,
        null,
        null,
        2,
        null,
        null,
        1,
        1,
        1,
        null,
        0,
        null,
        null,
        null,
        1,
        24,
        24,
        21,
        21,
        20,
        20,
        null,
        1,
        null,
        null,
        null,
        1,
        39,
        234,
        234,
        234,
        null,
        234,
        234,
        234,
        null,
        234,
        15,
        null,
        null,
        24,
        null,
        null,
        1,
        145,
        null,
        null,
        1,
        19,
        null,
        null,
        1,
        22,
        null,
        null,
        1,
        4,
        3,
        null,
        null,
        null,
        1,
        12,
        22,
        null,
        8,
        2,
        null,
        6,
        3,
        null,
        null
      ]
    },
    "timestamp": 1601408013
  }
}
