{
  "RSpec": {
    "coverage": {
      "/home/stellar-tree-9939/tic-tac-toe-rb-ruby-intro-000/lib/tic_tac_toe.rb": [
        null,
        1,
        null,
        null,
        null,
        null,
        null,
        null,
        null,
        null,
        null,
        1,
        1,
        21,
        21,
        21,
        21,
        21,
        null,
        null,
        1,
        20,
        null,
        null,
        1,
        19,
        null,
        null,
        1,
        22,
        null,
        null,
        1,
        20,
        null,
        null,
        1,
        2,
        2,
        18,
        5,
        null,
        null,
        2,
        null,
        null,
        1,
        1,
        1,
        null,
        0,
        null,
        null,
        null,
        1,
        17,
        17,
        17,
        17,
        16,
        16,
        null,
        1,
        null,
        null,
        null,
        1,
        38,
        235,
        235,
        235,
        null,
        235,
        235,
        235,
        null,
        235,
        14,
        null,
        null,
        24,
        null,
        null,
        1,
        145,
        null,
        null,
        1,
        19,
        null,
        null,
        1,
        18,
        null,
        null,
        1,
        3,
        2,
        null,
        null,
        null,
        1,
        12,
        14,
        null,
        12,
        6,
        null,
        6,
        3,
        null,
        null
      ]
    },
    "timestamp": 1601407225
  }
}
